c:\users\dani\documents\danielgoogletry\opengl hook template\acubeopenglhook\release\acubeopenglhook.pch
c:\users\dani\documents\danielgoogletry\opengl hook template\acubeopenglhook\release\vc142.pdb
c:\users\dani\documents\danielgoogletry\opengl hook template\acubeopenglhook\release\stdafx.obj
c:\users\dani\documents\danielgoogletry\opengl hook template\acubeopenglhook\release\mem.obj
c:\users\dani\documents\danielgoogletry\opengl hook template\acubeopenglhook\release\gltext.obj
c:\users\dani\documents\danielgoogletry\opengl hook template\acubeopenglhook\release\main.obj
c:\users\dani\documents\danielgoogletry\opengl hook template\acubeopenglhook\release\gldraw.obj
c:\users\dani\documents\opengldllinjector\acubeopenglhook\release\acubeopenglhook.pch
c:\users\dani\documents\opengldllinjector\acubeopenglhook\release\vc142.pdb
c:\users\dani\documents\opengldllinjector\acubeopenglhook\release\stdafx.obj
c:\users\dani\documents\opengldllinjector\acubeopenglhook\release\mem.obj
c:\users\dani\documents\opengldllinjector\acubeopenglhook\release\gltext.obj
c:\users\dani\documents\opengldllinjector\acubeopenglhook\release\main.obj
c:\users\dani\documents\opengldllinjector\acubeopenglhook\release\gldraw.obj
c:\users\dani\documents\danielgoogletry\opengl hook template\release\acubeopenglhook.dll
c:\users\dani\documents\danielgoogletry\opengl hook template\acubeopenglhook\release\acubeopenglhook.ipdb
c:\users\dani\documents\danielgoogletry\opengl hook template\acubeopenglhook\release\acubeopenglhook.iobj
c:\users\dani\documents\danielgoogletry\opengl hook template\release\acubeopenglhook.pdb
c:\users\dani\documents\opengldllinjector\release\acubeopenglhook.dll
c:\users\dani\documents\opengldllinjector\acubeopenglhook\release\acubeopenglhook.ipdb
c:\users\dani\documents\opengldllinjector\acubeopenglhook\release\acubeopenglhook.iobj
c:\users\dani\documents\opengldllinjector\release\acubeopenglhook.pdb
c:\users\dani\documents\opengldllinjector\acubeopenglhook\release\acubeopenglhook.tlog\cl.command.1.tlog
c:\users\dani\documents\opengldllinjector\acubeopenglhook\release\acubeopenglhook.tlog\cl.read.1.tlog
c:\users\dani\documents\opengldllinjector\acubeopenglhook\release\acubeopenglhook.tlog\cl.write.1.tlog
c:\users\dani\documents\opengldllinjector\acubeopenglhook\release\acubeopenglhook.tlog\link.command.1.tlog
c:\users\dani\documents\opengldllinjector\acubeopenglhook\release\acubeopenglhook.tlog\link.read.1.tlog
c:\users\dani\documents\opengldllinjector\acubeopenglhook\release\acubeopenglhook.tlog\link.write.1.tlog
